  Settings.cpp
  imgui_impl_glfw.cpp
  imgui_impl_opengl3.cpp
  GUI.cpp
  imgui.cpp
  imgui_demo.cpp
  imgui_draw.cpp
  imgui_tables.cpp
  imgui_widgets.cpp
  KeyboardController.cpp
  MouseController.cpp
  Collider.cpp
  CollisionManager.cpp
  Entity2D.cpp
  Entity3D.cpp
  LevelOfDetails.cpp
  Mesh.cpp
  MeshBuilder.cpp
  SpriteAnimation.cpp
C:\Users\Ridwan\Desktop\Pie V2\Year 2 Sem 2\3D Game Creation\Assignment 2\NYP_Framework_A2\Library\Source\Primitives\SpriteAnimation.cpp(75,62): warning C4244: 'argument': conversion from 'double' to 'const unsigned int', possible loss of data
  ShaderManager.cpp
  Generating Code...
  Compiling...
  TextRenderer.cpp
  CSVReader.cpp
  CSVWriter.cpp
  ImageLoader.cpp
  LoadOBJ.cpp
  FPSCounter.cpp
  StopWatch.cpp
  Generating Code...
  Library.vcxproj -> C:\Users\Ridwan\Desktop\Pie V2\Year 2 Sem 2\3D Game Creation\Assignment 2\NYP_Framework_A2\Debug\Library.lib
