  Application.cpp
C:\Users\Julius\source\repos\StudioProjectNumber4\App\Source\Scene3D\Powerup\powerup.h(24,23): error C2061: syntax error: identifier 'CEntity3D'
  Play3DGameState.cpp
C:\Program Files (x86)\Windows Kits\10\Include\10.0.18362.0\shared\minwindef.h(130,1): warning C4005: 'APIENTRY': macro redefinition
C:\Users\Julius\source\repos\StudioProjectNumber4\glfw\include\GLFW\glfw3.h(98): message : see previous definition of 'APIENTRY'
C:\Users\Julius\source\repos\StudioProjectNumber4\App\Source\Scene3D\Powerup\powerup.h(24,23): error C2061: syntax error: identifier 'CEntity3D'
  BloodScreen.cpp
C:\Users\Julius\source\repos\StudioProjectNumber4\App\Source\Scene3D\Powerup\powerup.h(24,23): error C2061: syntax error: identifier 'CEntity3D'
  CameraEffects.cpp
C:\Users\Julius\source\repos\StudioProjectNumber4\App\Source\Scene3D\Powerup\powerup.h(24,23): error C2061: syntax error: identifier 'CEntity3D'
  CameraEffectsManager.cpp
C:\Users\Julius\source\repos\StudioProjectNumber4\App\Source\Scene3D\Powerup\powerup.h(24,23): error C2061: syntax error: identifier 'CEntity3D'
  CameraShake.cpp
C:\Users\Julius\source\repos\StudioProjectNumber4\App\Source\Scene3D\Powerup\powerup.h(24,23): error C2061: syntax error: identifier 'CEntity3D'
  CrossHair.cpp
C:\Users\Julius\source\repos\StudioProjectNumber4\App\Source\Scene3D\Powerup\powerup.h(24,23): error C2061: syntax error: identifier 'CEntity3D'
  DirtScreen.cpp
C:\Users\Julius\source\repos\StudioProjectNumber4\App\Source\Scene3D\Powerup\powerup.h(24,23): error C2061: syntax error: identifier 'CEntity3D'
  LoseScreen.cpp
C:\Users\Julius\source\repos\StudioProjectNumber4\App\Source\Scene3D\Powerup\powerup.h(24,23): error C2061: syntax error: identifier 'CEntity3D'
  ScopeScreen.cpp
C:\Users\Julius\source\repos\StudioProjectNumber4\App\Source\Scene3D\Powerup\powerup.h(24,23): error C2061: syntax error: identifier 'CEntity3D'
  SweatScreen.cpp
C:\Users\Julius\source\repos\StudioProjectNumber4\App\Source\Scene3D\Powerup\powerup.h(24,23): error C2061: syntax error: identifier 'CEntity3D'
  WinScreen.cpp
C:\Users\Julius\source\repos\StudioProjectNumber4\App\Source\Scene3D\Powerup\powerup.h(24,23): error C2061: syntax error: identifier 'CEntity3D'
  Baryonyx.cpp
C:\Users\Julius\source\repos\StudioProjectNumber4\App\Source\Scene3D\Powerup\powerup.h(24,23): error C2061: syntax error: identifier 'CEntity3D'
  Charano.cpp
C:\Users\Julius\source\repos\StudioProjectNumber4\App\Source\Scene3D\Powerup\powerup.h(24,23): error C2061: syntax error: identifier 'CEntity3D'
  Dinosaur.cpp
C:\Users\Julius\source\repos\StudioProjectNumber4\App\Source\Scene3D\Powerup\powerup.h(24,23): error C2061: syntax error: identifier 'CEntity3D'
  Edo.cpp
C:\Users\Julius\source\repos\StudioProjectNumber4\App\Source\Scene3D\Powerup\powerup.h(24,23): error C2061: syntax error: identifier 'CEntity3D'
  Enemy3D.cpp
C:\Users\Julius\source\repos\StudioProjectNumber4\App\Source\Scene3D\Powerup\powerup.h(24,23): error C2061: syntax error: identifier 'CEntity3D'
  EntityManager.cpp
C:\Users\Julius\source\repos\StudioProjectNumber4\App\Source\Scene3D\Powerup\powerup.h(24,23): error C2061: syntax error: identifier 'CEntity3D'
  Hut_Concrete.cpp
C:\Users\Julius\source\repos\StudioProjectNumber4\App\Source\Scene3D\Powerup\powerup.h(24,23): error C2061: syntax error: identifier 'CEntity3D'
  Player3D.cpp
C:\Users\Julius\source\repos\StudioProjectNumber4\App\Source\Scene3D\Powerup\powerup.h(24,23): error C2061: syntax error: identifier 'CEntity3D'
  Generating Code...
  Compiling...
  SolidObject.cpp
C:\Users\Julius\source\repos\StudioProjectNumber4\App\Source\Scene3D\Powerup\powerup.h(24,23): error C2061: syntax error: identifier 'CEntity3D'
  SolidObjectManager.cpp
C:\Users\Julius\source\repos\StudioProjectNumber4\App\Source\Scene3D\Powerup\powerup.h(24,23): error C2061: syntax error: identifier 'CEntity3D'
  Structure3D.cpp
C:\Users\Julius\source\repos\StudioProjectNumber4\App\Source\Scene3D\Powerup\powerup.h(24,23): error C2061: syntax error: identifier 'CEntity3D'
  SUV.cpp
C:\Users\Julius\source\repos\StudioProjectNumber4\App\Source\Scene3D\Powerup\powerup.h(24,23): error C2061: syntax error: identifier 'CEntity3D'
  TreeKabak3D.cpp
C:\Users\Julius\source\repos\StudioProjectNumber4\App\Source\Scene3D\Powerup\powerup.h(24,23): error C2061: syntax error: identifier 'CEntity3D'
  GUI_Scene3D.cpp
C:\Users\Julius\source\repos\StudioProjectNumber4\App\Source\Scene3D\Powerup\powerup.h(24,23): error C2061: syntax error: identifier 'CEntity3D'
  Minimap.cpp
C:\Users\Julius\source\repos\StudioProjectNumber4\App\Source\Scene3D\Powerup\powerup.h(24,23): error C2061: syntax error: identifier 'CEntity3D'
  powerup.cpp
C:\Users\Julius\source\repos\StudioProjectNumber4\Library\Source\Primitives\Entity3D.h(168,14): error C2065: 'powerup': undeclared identifier
C:\Users\Julius\source\repos\StudioProjectNumber4\Library\Source\Primitives\Entity3D.h(168,22): error C2059: syntax error: '>'
C:\Users\Julius\source\repos\StudioProjectNumber4\App\Source\Scene3D\Powerup\powerup.cpp(31,3): error C2059: syntax error: 'break'
C:\Users\Julius\source\repos\StudioProjectNumber4\App\Source\Scene3D\Powerup\powerup.cpp(52,13): warning C4244: '-=': conversion from 'double' to 'float', possible loss of data
  PowerUpManager.cpp
C:\Users\Julius\source\repos\StudioProjectNumber4\Library\Source\Primitives\Entity3D.h(168,14): error C2065: 'powerup': undeclared identifier
C:\Users\Julius\source\repos\StudioProjectNumber4\Library\Source\Primitives\Entity3D.h(168,22): error C2059: syntax error: '>'
  Scene3D.cpp
C:\Users\Julius\source\repos\StudioProjectNumber4\App\Source\Scene3D\Powerup\powerup.h(24,23): error C2061: syntax error: identifier 'CEntity3D'
  Decor.cpp
C:\Users\Julius\source\repos\StudioProjectNumber4\App\Source\Scene3D\Powerup\powerup.h(24,23): error C2061: syntax error: identifier 'CEntity3D'
  LVTower.cpp
C:\Users\Julius\source\repos\StudioProjectNumber4\App\Source\Scene3D\Powerup\powerup.h(24,23): error C2061: syntax error: identifier 'CEntity3D'
  Planet.cpp
C:\Users\Julius\source\repos\StudioProjectNumber4\App\Source\Scene3D\Powerup\powerup.h(24,23): error C2061: syntax error: identifier 'CEntity3D'
  SceneNode.cpp
C:\Users\Julius\source\repos\StudioProjectNumber4\App\Source\Scene3D\Powerup\powerup.h(24,23): error C2061: syntax error: identifier 'CEntity3D'
  SpinTower.cpp
C:\Users\Julius\source\repos\StudioProjectNumber4\App\Source\Scene3D\Powerup\powerup.h(24,23): error C2061: syntax error: identifier 'CEntity3D'
  Wheel.cpp
C:\Users\Julius\source\repos\StudioProjectNumber4\App\Source\Scene3D\Powerup\powerup.h(24,23): error C2061: syntax error: identifier 'CEntity3D'
  SkyBox.cpp
C:\Users\Julius\source\repos\StudioProjectNumber4\App\Source\Scene3D\Powerup\powerup.h(24,23): error C2061: syntax error: identifier 'CEntity3D'
  Terrain.cpp
C:\Users\Julius\source\repos\StudioProjectNumber4\App\Source\Scene3D\Powerup\powerup.h(24,23): error C2061: syntax error: identifier 'CEntity3D'
C:\Users\Julius\source\repos\StudioProjectNumber4\App\Source\Scene3D\Terrain\Terrain.cpp(436,11): warning C4244: 'initializing': conversion from 'float' to 'int', possible loss of data
C:\Users\Julius\source\repos\StudioProjectNumber4\App\Source\Scene3D\Terrain\Terrain.cpp(437,11): warning C4244: 'initializing': conversion from 'float' to 'int', possible loss of data
  Card.cpp
C:\Users\Julius\source\repos\StudioProjectNumber4\App\Source\Scene3D\Powerup\powerup.h(24,23): error C2061: syntax error: identifier 'CEntity3D'
  Pistol.cpp
C:\Users\Julius\source\repos\StudioProjectNumber4\App\Source\Scene3D\Powerup\powerup.h(24,23): error C2061: syntax error: identifier 'CEntity3D'
  Generating Code...
  Compiling...
  Projectile.cpp
C:\Users\Julius\source\repos\StudioProjectNumber4\App\Source\Scene3D\Powerup\powerup.h(24,23): error C2061: syntax error: identifier 'CEntity3D'
  ProjectileManager.cpp
C:\Users\Julius\source\repos\StudioProjectNumber4\App\Source\Scene3D\Powerup\powerup.h(24,23): error C2061: syntax error: identifier 'CEntity3D'
C:\Users\Julius\source\repos\StudioProjectNumber4\App\Source\Scene3D\WeaponInfo\ProjectileManager.cpp(29,20): warning C4018: '<': signed/unsigned mismatch
C:\Users\Julius\source\repos\StudioProjectNumber4\App\Source\Scene3D\WeaponInfo\ProjectileManager.cpp(59,20): warning C4018: '<': signed/unsigned mismatch
C:\Users\Julius\source\repos\StudioProjectNumber4\App\Source\Scene3D\WeaponInfo\ProjectileManager.cpp(176,32): warning C4018: '<=': signed/unsigned mismatch
C:\Users\Julius\source\repos\StudioProjectNumber4\App\Source\Scene3D\WeaponInfo\ProjectileManager.cpp(190,32): warning C4018: '<': signed/unsigned mismatch
C:\Users\Julius\source\repos\StudioProjectNumber4\App\Source\Scene3D\WeaponInfo\ProjectileManager.cpp(201,21): warning C4018: '<=': signed/unsigned mismatch
C:\Users\Julius\source\repos\StudioProjectNumber4\App\Source\Scene3D\WeaponInfo\ProjectileManager.cpp(226,20): warning C4018: '<': signed/unsigned mismatch
C:\Users\Julius\source\repos\StudioProjectNumber4\App\Source\Scene3D\WeaponInfo\ProjectileManager.cpp(256,20): warning C4018: '<': signed/unsigned mismatch
  WeaponInfo.cpp
C:\Users\Julius\source\repos\StudioProjectNumber4\App\Source\Scene3D\Powerup\powerup.h(24,23): error C2061: syntax error: identifier 'CEntity3D'
C:\Users\Julius\source\repos\StudioProjectNumber4\App\Source\Scene3D\WeaponInfo\WeaponInfo.cpp(118,9): warning C4244: 'return': conversion from 'const double' to 'float', possible loss of data
C:\Users\Julius\source\repos\StudioProjectNumber4\App\Source\Scene3D\WeaponInfo\WeaponInfo.cpp(123,9): warning C4244: 'return': conversion from 'const double' to 'float', possible loss of data
  Generating Code...
